2014.10.05 23:29 B C:\3vias\web\3ametalmecanica\images\background-patterns\bg1.png --> www.3ametalmecanica.com /images/background-patterns bg1.png
2014.10.05 23:29 B C:\3vias\web\3ametalmecanica\images\background-patterns\bg10.png --> www.3ametalmecanica.com /images/background-patterns bg10.png
2014.10.05 23:29 B C:\3vias\web\3ametalmecanica\images\background-patterns\bg2.png --> www.3ametalmecanica.com /images/background-patterns bg2.png
2014.10.05 23:29 B C:\3vias\web\3ametalmecanica\images\background-patterns\bg3.png --> www.3ametalmecanica.com /images/background-patterns bg3.png
2014.10.05 23:29 B C:\3vias\web\3ametalmecanica\images\background-patterns\bg4.png --> www.3ametalmecanica.com /images/background-patterns bg4.png
2014.10.05 23:29 B C:\3vias\web\3ametalmecanica\images\background-patterns\bg5.png --> www.3ametalmecanica.com /images/background-patterns bg5.png
2014.10.05 23:29 B C:\3vias\web\3ametalmecanica\images\background-patterns\bg6.png --> www.3ametalmecanica.com /images/background-patterns bg6.png
2014.10.05 23:29 B C:\3vias\web\3ametalmecanica\images\background-patterns\bg7.png --> www.3ametalmecanica.com /images/background-patterns bg7.png
2014.10.05 23:29 B C:\3vias\web\3ametalmecanica\images\background-patterns\bg8.png --> www.3ametalmecanica.com /images/background-patterns bg8.png
2014.10.05 23:29 B C:\3vias\web\3ametalmecanica\images\background-patterns\bg9.png --> www.3ametalmecanica.com /images/background-patterns bg9.png
2014.10.05 23:29 B C:\3vias\web\3ametalmecanica\images\background-patterns\Thumbs.db --> www.3ametalmecanica.com /images/background-patterns Thumbs.db
2014.10.19 01:37 B C:\3vias\web\esbelt\images\background-patterns\Thumbs.db --> www.esbelt.com.ar /images/background-patterns Thumbs.db
2014.10.19 01:37 B C:\3vias\web\esbelt\images\background-patterns\WS_FTP.LOG --> www.esbelt.com.ar /images/background-patterns WS_FTP.LOG
2014.10.19 01:37 B C:\3vias\web\esbelt\images\background-patterns\bg4.png --> www.esbelt.com.ar /images/background-patterns bg4.png
2014.10.19 01:37 B C:\3vias\web\esbelt\images\background-patterns\bg2.png --> www.esbelt.com.ar /images/background-patterns bg2.png
2014.10.19 01:37 B C:\3vias\web\esbelt\images\background-patterns\bg10.png --> www.esbelt.com.ar /images/background-patterns bg10.png
2014.10.19 01:37 B C:\3vias\web\esbelt\images\background-patterns\bg9.png --> www.esbelt.com.ar /images/background-patterns bg9.png
2014.10.19 01:37 B C:\3vias\web\esbelt\images\background-patterns\bg6.png --> www.esbelt.com.ar /images/background-patterns bg6.png
2014.10.19 01:37 B C:\3vias\web\esbelt\images\background-patterns\bg3.png --> www.esbelt.com.ar /images/background-patterns bg3.png
2014.10.19 01:37 B C:\3vias\web\esbelt\images\background-patterns\bg7.png --> www.esbelt.com.ar /images/background-patterns bg7.png
2014.10.19 01:37 B C:\3vias\web\esbelt\images\background-patterns\bg5.png --> www.esbelt.com.ar /images/background-patterns bg5.png
2014.10.19 01:37 B C:\3vias\web\esbelt\images\background-patterns\bg1.png --> www.esbelt.com.ar /images/background-patterns bg1.png
2014.10.19 01:37 B C:\3vias\web\esbelt\images\background-patterns\bg8.png --> www.esbelt.com.ar /images/background-patterns bg8.png
